<?xml version="1.0" encoding="UTF-8"?>
<!-- Generated by org.testng.reporters.JUnitXMLReporter -->
<testsuite hostname="Shakil-Khans-MacBook-Pro-3.local" name="Default test1" tests="67" failures="2" timestamp="12 Apr 2015 15:08:14 GMT" time="283.771" errors="0">
  <testcase name="testHomePageTitle" time="0.085" classname="elitecareer.framework.tests.HomePageTest"/>
  <testcase name="testHomePageUrl" time="0.062" classname="elitecareer.framework.tests.HomePageTest"/>
  <testcase name="testJobSearchTitle" time="0.196" classname="elitecareer.framework.tests.HomePageTest">
    <failure type="java.lang.AssertionError" message="expected [Job Searchs] but found [Job Search]">
      <![CDATA[java.lang.AssertionError: expected [Job Searchs] but found [Job Search]
	at org.testng.Assert.fail(Assert.java:94)
	at org.testng.Assert.failNotEquals(Assert.java:494)
	at org.testng.Assert.assertEquals(Assert.java:123)
	at org.testng.Assert.assertEquals(Assert.java:176)
	at org.testng.Assert.assertEquals(Assert.java:186)
	at elitecareer.framework.tests.HomePageTest.testJobSearchTitle(HomePageTest.java:25)
	at sun.reflect.NativeMethodAccessorImpl.invoke0(Native Method)
	at sun.reflect.NativeMethodAccessorImpl.invoke(NativeMethodAccessorImpl.java:57)
	at sun.reflect.DelegatingMethodAccessorImpl.invoke(DelegatingMethodAccessorImpl.java:43)
	at java.lang.reflect.Method.invoke(Method.java:606)
	at org.testng.internal.MethodInvocationHelper.invokeMethod(MethodInvocationHelper.java:84)
	at org.testng.internal.Invoker.invokeMethod(Invoker.java:714)
	at org.testng.internal.Invoker.invokeTestMethod(Invoker.java:901)
	at org.testng.internal.Invoker.invokeTestMethods(Invoker.java:1231)
	at org.testng.internal.TestMethodWorker.invokeTestMethods(TestMethodWorker.java:127)
	at org.testng.internal.TestMethodWorker.run(TestMethodWorker.java:111)
	at org.testng.TestRunner.privateRun(TestRunner.java:767)
	at org.testng.TestRunner.run(TestRunner.java:617)
	at org.testng.SuiteRunner.runTest(SuiteRunner.java:334)
	at org.testng.SuiteRunner.runSequentially(SuiteRunner.java:329)
	at org.testng.SuiteRunner.privateRun(SuiteRunner.java:291)
	at org.testng.SuiteRunner.run(SuiteRunner.java:240)
	at org.testng.SuiteRunnerWorker.runSuite(SuiteRunnerWorker.java:52)
	at org.testng.SuiteRunnerWorker.run(SuiteRunnerWorker.java:86)
	at org.testng.TestNG.runSuitesSequentially(TestNG.java:1224)
	at org.testng.TestNG.runSuitesLocally(TestNG.java:1149)
	at org.testng.TestNG.run(TestNG.java:1057)
	at org.testng.remote.RemoteTestNG.run(RemoteTestNG.java:111)
	at org.testng.remote.RemoteTestNG.initAndRun(RemoteTestNG.java:204)
	at org.testng.remote.RemoteTestNG.main(RemoteTestNG.java:175)
]]>
    </failure>
  </testcase> <!-- testJobSearchTitle -->
  <testcase name="testNewJobsTitle" time="0.093" classname="elitecareer.framework.tests.HomePageTest"/>
  <testcase name="testLinkedInPageTitle" time="0.293" classname="elitecareer.framework.tests.HomePageTest"/>
  <testcase name="testFacebookPageTitle" time="0.292" classname="elitecareer.framework.tests.HomePageTest">
    <failure type="java.lang.AssertionError" message="expected [Facebook Pagee] but found [Facebook Page]">
      <![CDATA[java.lang.AssertionError: expected [Facebook Pagee] but found [Facebook Page]
	at org.testng.Assert.fail(Assert.java:94)
	at org.testng.Assert.failNotEquals(Assert.java:494)
	at org.testng.Assert.assertEquals(Assert.java:123)
	at org.testng.Assert.assertEquals(Assert.java:176)
	at org.testng.Assert.assertEquals(Assert.java:186)
	at elitecareer.framework.tests.HomePageTest.testFacebookPageTitle(HomePageTest.java:40)
	at sun.reflect.NativeMethodAccessorImpl.invoke0(Native Method)
	at sun.reflect.NativeMethodAccessorImpl.invoke(NativeMethodAccessorImpl.java:57)
	at sun.reflect.DelegatingMethodAccessorImpl.invoke(DelegatingMethodAccessorImpl.java:43)
	at java.lang.reflect.Method.invoke(Method.java:606)
	at org.testng.internal.MethodInvocationHelper.invokeMethod(MethodInvocationHelper.java:84)
	at org.testng.internal.Invoker.invokeMethod(Invoker.java:714)
	at org.testng.internal.Invoker.invokeTestMethod(Invoker.java:901)
	at org.testng.internal.Invoker.invokeTestMethods(Invoker.java:1231)
	at org.testng.internal.TestMethodWorker.invokeTestMethods(TestMethodWorker.java:127)
	at org.testng.internal.TestMethodWorker.run(TestMethodWorker.java:111)
	at org.testng.TestRunner.privateRun(TestRunner.java:767)
	at org.testng.TestRunner.run(TestRunner.java:617)
	at org.testng.SuiteRunner.runTest(SuiteRunner.java:334)
	at org.testng.SuiteRunner.runSequentially(SuiteRunner.java:329)
	at org.testng.SuiteRunner.privateRun(SuiteRunner.java:291)
	at org.testng.SuiteRunner.run(SuiteRunner.java:240)
	at org.testng.SuiteRunnerWorker.runSuite(SuiteRunnerWorker.java:52)
	at org.testng.SuiteRunnerWorker.run(SuiteRunnerWorker.java:86)
	at org.testng.TestNG.runSuitesSequentially(TestNG.java:1224)
	at org.testng.TestNG.runSuitesLocally(TestNG.java:1149)
	at org.testng.TestNG.run(TestNG.java:1057)
	at org.testng.remote.RemoteTestNG.run(RemoteTestNG.java:111)
	at org.testng.remote.RemoteTestNG.initAndRun(RemoteTestNG.java:204)
	at org.testng.remote.RemoteTestNG.main(RemoteTestNG.java:175)
]]>
    </failure>
  </testcase> <!-- testFacebookPageTitle -->
  <testcase name="testJobseekerProfileTitle" time="3.253" classname="elitecareer.framework.tests.JobseekerProfilePageTest"/>
  <testcase name="testProfilePageLink" time="0.075" classname="elitecareer.framework.tests.JobseekerProfilePageTest"/>
  <testcase name="testProfileMenuTitle" time="0.312" classname="elitecareer.framework.tests.JobseekerProfilePageTest"/>
  <testcase name="testRegisterPageTitle" time="0.877" classname="elitecareer.framework.tests.RegisterPageTest"/>
  <testcase name="testRegisterPageUrl" time="0.242" classname="elitecareer.framework.tests.RegisterPageTest"/>
  <testcase name="testRegisterTitle" time="0.201" classname="elitecareer.framework.tests.RegisterPageTest"/>
  <testcase name="testEmptyFormSublission" time="15.888" classname="elitecareer.framework.tests.RegisterPageTest"/>
  <testcase name="testFirstNameFieldBellowLowerBoundary" time="3.546" classname="elitecareer.framework.tests.RegisterPageTest"/>
  <testcase name="testFirstNameFieldLowerBoundary" time="5.594" classname="elitecareer.framework.tests.RegisterPageTest"/>
  <testcase name="testFirstNameFieldAboveUpperBoundary" time="3.646" classname="elitecareer.framework.tests.RegisterPageTest"/>
  <testcase name="testFirstNameFieldUpperBoundary" time="6.174" classname="elitecareer.framework.tests.RegisterPageTest"/>
  <testcase name="testLastNameFieldBellowLowerBoundary" time="3.859" classname="elitecareer.framework.tests.RegisterPageTest"/>
  <testcase name="testLastNameFieldLowerBoundary" time="5.851" classname="elitecareer.framework.tests.RegisterPageTest"/>
  <testcase name="testLastNameFieldAboveUpperBoundary" time="5.767" classname="elitecareer.framework.tests.RegisterPageTest"/>
  <testcase name="testLastNameFieldUpperBoundary" time="6.281" classname="elitecareer.framework.tests.RegisterPageTest"/>
  <testcase name="testDateOfBirthFieldWithInvalidInput" time="3.848" classname="elitecareer.framework.tests.RegisterPageTest"/>
  <testcase name="testDateOfBirthFieldWithValidInput" time="2.83" classname="elitecareer.framework.tests.RegisterPageTest"/>
  <testcase name="testPhoneNoFieldBellowLowerBoundary" time="3.205" classname="elitecareer.framework.tests.RegisterPageTest"/>
  <testcase name="testPhoneNoFieldLowerBoundary" time="5.596" classname="elitecareer.framework.tests.RegisterPageTest"/>
  <testcase name="testPhoneNoFieldAboveUpperBoundary" time="5.89" classname="elitecareer.framework.tests.RegisterPageTest"/>
  <testcase name="testPhoneNoFieldUpperBoundary" time="6.859" classname="elitecareer.framework.tests.RegisterPageTest"/>
  <testcase name="testEmailFieldIfAlreadyRegistered" time="4.207" classname="elitecareer.framework.tests.RegisterPageTest"/>
  <testcase name="testPasswordFieldBellowLowerBoundary" time="3.141" classname="elitecareer.framework.tests.RegisterPageTest"/>
  <testcase name="testPasswordFieldLowerBoundary" time="7.19" classname="elitecareer.framework.tests.RegisterPageTest"/>
  <testcase name="testPasswordFieldAboveUpperBoundary" time="3.455" classname="elitecareer.framework.tests.RegisterPageTest"/>
  <testcase name="testPasswordFieldUpperBoundary" time="5.295" classname="elitecareer.framework.tests.RegisterPageTest"/>
  <testcase name="testPasswordAndConfirmPasswordFieldsIfDoNotMatch" time="2.914" classname="elitecareer.framework.tests.RegisterPageTest"/>
  <testcase name="testSignInPageTitle" time="1.161" classname="elitecareer.framework.tests.SignInPageTest"/>
  <testcase name="testSignInPageUrl" time="0.164" classname="elitecareer.framework.tests.SignInPageTest"/>
  <testcase name="testSignInTitle" time="0.286" classname="elitecareer.framework.tests.SignInPageTest"/>
  <testcase name="testSignInWithEmptyCredentials" time="4.192" classname="elitecareer.framework.tests.SignInPageTest"/>
  <testcase name="testEmailFieldWithWrongEmail" time="2.864" classname="elitecareer.framework.tests.SignInPageTest"/>
  <testcase name="testEmailFieldWithWrongEmail" time="5.654" classname="elitecareer.framework.tests.SignInPageTest"/>
  <testcase name="testEmailFieldWithEmptyEmail" time="2.548" classname="elitecareer.framework.tests.SignInPageTest"/>
  <testcase name="testEmailFieldWithEmptyEmail" time="3.12" classname="elitecareer.framework.tests.SignInPageTest"/>
  <testcase name="testPasswordFieldWithWrongPassword" time="2.372" classname="elitecareer.framework.tests.SignInPageTest"/>
  <testcase name="testPasswordFieldWithWrongPassword" time="3.433" classname="elitecareer.framework.tests.SignInPageTest"/>
  <testcase name="testPasswordFieldWithWrongPassword" time="3.128" classname="elitecareer.framework.tests.SignInPageTest"/>
  <testcase name="testPasswordFieldWithWrongPassword" time="3.573" classname="elitecareer.framework.tests.SignInPageTest"/>
  <testcase name="testPasswordFieldWithWrongPassword" time="3.172" classname="elitecareer.framework.tests.SignInPageTest"/>
  <testcase name="testPasswordFieldWithEmptyPassword" time="3.607" classname="elitecareer.framework.tests.SignInPageTest"/>
  <testcase name="testPasswordFieldWithEmptyPassword" time="2.643" classname="elitecareer.framework.tests.SignInPageTest"/>
  <testcase name="testPasswordFieldWithEmptyPassword" time="4.536" classname="elitecareer.framework.tests.SignInPageTest"/>
  <testcase name="testPasswordFieldWithEmptyPassword" time="2.639" classname="elitecareer.framework.tests.SignInPageTest"/>
  <testcase name="testPasswordFieldWithEmptyPassword" time="2.859" classname="elitecareer.framework.tests.SignInPageTest"/>
  <testcase name="testSignInWithCorrectCredentials" time="6.138" classname="elitecareer.framework.tests.SignInPageTest"/>
  <testcase name="testSignInWithCorrectCredentials" time="7.995" classname="elitecareer.framework.tests.SignInPageTest"/>
  <testcase name="testEditPersonalInformationLink" time="3.226" classname="elitecareer.framework.tests.UpdatePersonalInformationPageTest"/>
  <testcase name="testPageTitle" time="0.201" classname="elitecareer.framework.tests.UpdatePersonalInformationPageTest"/>
  <testcase name="testUpdatePersonalInformationTitle" time="0.242" classname="elitecareer.framework.tests.UpdatePersonalInformationPageTest"/>
  <testcase name="testFirstNameFieldBellowLowerBoundary" time="2.152" classname="elitecareer.framework.tests.UpdatePersonalInformationPageTest"/>
  <testcase name="testFirstNameFieldLowerBoundary" time="3.706" classname="elitecareer.framework.tests.UpdatePersonalInformationPageTest"/>
  <testcase name="testFirstNameFieldAboveUpperBoundary" time="1.927" classname="elitecareer.framework.tests.UpdatePersonalInformationPageTest"/>
  <testcase name="testFirstNameFieldUpperBoundary" time="3.079" classname="elitecareer.framework.tests.UpdatePersonalInformationPageTest"/>
  <testcase name="testLastNameFieldBellowLowerBoundary" time="1.981" classname="elitecareer.framework.tests.UpdatePersonalInformationPageTest"/>
  <testcase name="testLastNameFieldLowerBoundary" time="2.873" classname="elitecareer.framework.tests.UpdatePersonalInformationPageTest"/>
  <testcase name="testLastNameFieldAboveUpperBoundary" time="3.84" classname="elitecareer.framework.tests.UpdatePersonalInformationPageTest"/>
  <testcase name="testLastNameFieldUpperBoundary" time="5.816" classname="elitecareer.framework.tests.UpdatePersonalInformationPageTest"/>
  <testcase name="testDateOfBirthFieldWithInvalidInput" time="2.007" classname="elitecareer.framework.tests.UpdatePersonalInformationPageTest"/>
  <testcase name="testDateOfBirthFieldWithValidInput" time="2.048" classname="elitecareer.framework.tests.UpdatePersonalInformationPageTest"/>
  <testcase name="testUpdateWithAllValidData" time="3.025" classname="elitecareer.framework.tests.UpdatePersonalInformationPageTest"/>
</testsuite> <!-- Default test1 -->
