<?xml version="1.0" encoding="UTF-8"?>
<!-- Generated by org.testng.reporters.JUnitXMLReporter -->
<testsuite hostname="ShakilKhansMBP3.home" name="Nopackage2" tests="6" failures="1" timestamp="16 Feb 2015 04:01:26 GMT" time="60.611" errors="0">
  <testcase name="testFacebookPageTitle" time="0.109" classname="elitecareer.framework.tests.HomePageTest"/>
  <testcase name="testHomePageTitle" time="60.178" classname="elitecareer.framework.tests.HomePageTest">
    <failure type="org.openqa.selenium.NoSuchElementException" message="Unable to locate element: {&amp;quot;method&amp;quot;:&amp;quot;link text&amp;quot;,&amp;quot;selector&amp;quot;:&amp;quot;home&amp;quot;}
Command duration or timeout: 60.09 seconds
For documentation on this error, please visit: http://seleniumhq.org/exceptions/no_such_element.html
Build info: version: &amp;apos;2.44.0&amp;apos;, revision: &amp;apos;76d78cf&amp;apos;, time: &amp;apos;2014-10-23 20:02:37&amp;apos;
System info: host: &amp;apos;ShakilKhansMBP3.home&amp;apos;, ip: &amp;apos;192.168.1.12&amp;apos;, os.name: &amp;apos;Mac OS X&amp;apos;, os.arch: &amp;apos;x86_64&amp;apos;, os.version: &amp;apos;10.10.1&amp;apos;, java.version: &amp;apos;1.7.0_71&amp;apos;
Session ID: bf0edc67-5046-344b-acaa-4522b1214062
Driver info: org.openqa.selenium.firefox.FirefoxDriver
Capabilities [{platform=MAC, acceptSslCerts=true, javascriptEnabled=true, cssSelectorsEnabled=true, databaseEnabled=true, browserName=firefox, handlesAlerts=true, nativeEvents=false, webStorageEnabled=true, rotatable=false, locationContextEnabled=true, applicationCacheEnabled=true, takesScreenshot=true, version=35.0.1}]">
      <![CDATA[org.openqa.selenium.NoSuchElementException: Unable to locate element: {"method":"link text","selector":"home"}
Command duration or timeout: 60.09 seconds
For documentation on this error, please visit: http://seleniumhq.org/exceptions/no_such_element.html
Build info: version: '2.44.0', revision: '76d78cf', time: '2014-10-23 20:02:37'
System info: host: 'ShakilKhansMBP3.home', ip: '192.168.1.12', os.name: 'Mac OS X', os.arch: 'x86_64', os.version: '10.10.1', java.version: '1.7.0_71'
Session ID: bf0edc67-5046-344b-acaa-4522b1214062
Driver info: org.openqa.selenium.firefox.FirefoxDriver
Capabilities [{platform=MAC, acceptSslCerts=true, javascriptEnabled=true, cssSelectorsEnabled=true, databaseEnabled=true, browserName=firefox, handlesAlerts=true, nativeEvents=false, webStorageEnabled=true, rotatable=false, locationContextEnabled=true, applicationCacheEnabled=true, takesScreenshot=true, version=35.0.1}]
	at org.openqa.selenium.remote.ErrorHandler.createThrowable(ErrorHandler.java:204)
	at org.openqa.selenium.remote.ErrorHandler.throwIfResponseFailed(ErrorHandler.java:156)
	at org.openqa.selenium.remote.RemoteWebDriver.execute(RemoteWebDriver.java:599)
	at org.openqa.selenium.remote.RemoteWebDriver.findElement(RemoteWebDriver.java:352)
	at org.openqa.selenium.remote.RemoteWebDriver.findElementByLinkText(RemoteWebDriver.java:401)
	at org.openqa.selenium.By$ByLinkText.findElement(By.java:242)
	at org.openqa.selenium.remote.RemoteWebDriver.findElement(RemoteWebDriver.java:344)
	at org.openqa.selenium.support.pagefactory.DefaultElementLocator.findElement(DefaultElementLocator.java:59)
	at org.openqa.selenium.support.pagefactory.internal.LocatingElementHandler.invoke(LocatingElementHandler.java:37)
	at com.sun.proxy.$Proxy6.click(Unknown Source)
	at elitecareer.framework.tests.HomePageTest.testHomePageTitle(HomePageTest.java:12)
Caused by: org.openqa.selenium.NoSuchElementException: Unable to locate element: {"method":"link text","selector":"home"}
For documentation on this error, please visit: http://seleniumhq.org/exceptions/no_such_element.html
Build info: version: '2.44.0', revision: '76d78cf', time: '2014-10-23 20:02:37'
System info: host: 'ShakilKhansMBP3.home', ip: '192.168.1.12', os.name: 'Mac OS X', os.arch: 'x86_64', os.version: '10.10.1', java.version: '1.7.0_71'
Driver info: driver.version: unknown
	at <anonymous class>.FirefoxDriver.prototype.findElementInternal_(file:///var/folders/yg/tfjk64bj4rs5_7k33lbtd0g40000gn/T/anonymous2281478264189212412webdriver-profile/extensions/fxdriver@googlecode.com/components/driver-component.js:9641:26)
	at <anonymous class>.fxdriver.Timer.prototype.setTimeout/<.notify(file:///var/folders/yg/tfjk64bj4rs5_7k33lbtd0g40000gn/T/anonymous2281478264189212412webdriver-profile/extensions/fxdriver@googlecode.com/components/driver-component.js:548:5)
... Removed 28 stack frames]]>
    </failure>
  </testcase> <!-- testHomePageTitle -->
  <testcase name="testHomePageUrl" time="0.078" classname="elitecareer.framework.tests.HomePageTest"/>
  <testcase name="testJobSearchTitle" time="0.117" classname="elitecareer.framework.tests.HomePageTest"/>
  <testcase name="testLinkedInPageTitle" time="0.05" classname="elitecareer.framework.tests.HomePageTest"/>
  <testcase name="testNewJobsTitle" time="0.061" classname="elitecareer.framework.tests.HomePageTest"/>
</testsuite> <!-- Nopackage2 -->
