<?xml version="1.0" encoding="UTF-8"?>
<testng-results skipped="0" failed="5" total="67" passed="62">
  <reporter-output>
  </reporter-output>
  <suite name="EliteCareer Test Suite" duration-ms="383828" started-at="2015-06-11T13:14:13Z" finished-at="2015-06-11T13:20:37Z">
    <groups>
      <group name="Regression">
        <method signature="HomePageTest.testFacebookPageTitle()[pri:0, instance:elitecareer.framework.tests.HomePageTest@2588b2da]" name="testFacebookPageTitle" class="elitecareer.framework.tests.HomePageTest"/>
        <method signature="SignInPageTest.testSignInWithCorrectCredentials(java.lang.String, java.lang.String)[pri:0, instance:elitecareer.framework.tests.SignInPageTest@1767e37f]" name="testSignInWithCorrectCredentials" class="elitecareer.framework.tests.SignInPageTest"/>
      </group> <!-- Regression -->
    </groups>
    <test name="Regression Test" duration-ms="383828" started-at="2015-06-11T13:14:13Z" finished-at="2015-06-11T13:20:37Z">
      <class name="elitecareer.framework.tests.RegisterPageTest">
        <test-method status="PASS" signature="setUp(java.lang.String, java.lang.String)[pri:0, instance:elitecareer.framework.tests.RegisterPageTest@5ff3cd32]" name="setUp" is-config="true" duration-ms="17723" started-at="2015-06-11T09:15:38Z" finished-at="2015-06-11T09:15:56Z">
          <params>
            <param index="0">
              <value>
                <![CDATA[firefox]]>
              </value>
            </param>
            <param index="1">
              <value>
                <![CDATA[http://elitecareer.net]]>
              </value>
            </param>
          </params>
          <reporter-output>
          </reporter-output>
        </test-method> <!-- setUp -->
        <test-method status="PASS" signature="testRegisterPageTitle()[pri:0, instance:elitecareer.framework.tests.RegisterPageTest@5ff3cd32]" name="testRegisterPageTitle" duration-ms="998" started-at="2015-06-11T09:15:56Z" finished-at="2015-06-11T09:15:57Z">
          <reporter-output>
          </reporter-output>
        </test-method> <!-- testRegisterPageTitle -->
        <test-method status="PASS" signature="testRegisterPageUrl()[pri:0, instance:elitecareer.framework.tests.RegisterPageTest@5ff3cd32]" name="testRegisterPageUrl" duration-ms="118" started-at="2015-06-11T09:15:57Z" finished-at="2015-06-11T09:15:57Z">
          <reporter-output>
          </reporter-output>
        </test-method> <!-- testRegisterPageUrl -->
        <test-method status="PASS" signature="testRegisterTitle()[pri:0, instance:elitecareer.framework.tests.RegisterPageTest@5ff3cd32]" name="testRegisterTitle" duration-ms="228" started-at="2015-06-11T09:15:57Z" finished-at="2015-06-11T09:15:57Z">
          <reporter-output>
          </reporter-output>
        </test-method> <!-- testRegisterTitle -->
        <test-method status="PASS" signature="testEmptyFormSublission()[pri:0, instance:elitecareer.framework.tests.RegisterPageTest@5ff3cd32]" name="testEmptyFormSublission" duration-ms="15762" started-at="2015-06-11T09:15:57Z" finished-at="2015-06-11T09:16:13Z">
          <reporter-output>
          </reporter-output>
        </test-method> <!-- testEmptyFormSublission -->
        <test-method status="PASS" signature="testFirstNameFieldBellowLowerBoundary()[pri:0, instance:elitecareer.framework.tests.RegisterPageTest@5ff3cd32]" name="testFirstNameFieldBellowLowerBoundary" duration-ms="2959" started-at="2015-06-11T09:16:13Z" finished-at="2015-06-11T09:16:16Z">
          <reporter-output>
          </reporter-output>
        </test-method> <!-- testFirstNameFieldBellowLowerBoundary -->
        <test-method status="PASS" signature="testFirstNameFieldLowerBoundary()[pri:0, instance:elitecareer.framework.tests.RegisterPageTest@5ff3cd32]" name="testFirstNameFieldLowerBoundary" duration-ms="6387" started-at="2015-06-11T09:16:16Z" finished-at="2015-06-11T09:16:22Z">
          <reporter-output>
          </reporter-output>
        </test-method> <!-- testFirstNameFieldLowerBoundary -->
        <test-method status="PASS" signature="testFirstNameFieldAboveUpperBoundary()[pri:0, instance:elitecareer.framework.tests.RegisterPageTest@5ff3cd32]" name="testFirstNameFieldAboveUpperBoundary" duration-ms="2986" started-at="2015-06-11T09:16:22Z" finished-at="2015-06-11T09:16:25Z">
          <reporter-output>
          </reporter-output>
        </test-method> <!-- testFirstNameFieldAboveUpperBoundary -->
        <test-method status="PASS" signature="testFirstNameFieldUpperBoundary()[pri:0, instance:elitecareer.framework.tests.RegisterPageTest@5ff3cd32]" name="testFirstNameFieldUpperBoundary" duration-ms="5526" started-at="2015-06-11T09:16:25Z" finished-at="2015-06-11T09:16:31Z">
          <reporter-output>
          </reporter-output>
        </test-method> <!-- testFirstNameFieldUpperBoundary -->
        <test-method status="PASS" signature="testLastNameFieldBellowLowerBoundary()[pri:0, instance:elitecareer.framework.tests.RegisterPageTest@5ff3cd32]" name="testLastNameFieldBellowLowerBoundary" duration-ms="3141" started-at="2015-06-11T09:16:31Z" finished-at="2015-06-11T09:16:34Z">
          <reporter-output>
          </reporter-output>
        </test-method> <!-- testLastNameFieldBellowLowerBoundary -->
        <test-method status="PASS" signature="testLastNameFieldLowerBoundary()[pri:0, instance:elitecareer.framework.tests.RegisterPageTest@5ff3cd32]" name="testLastNameFieldLowerBoundary" duration-ms="6052" started-at="2015-06-11T09:16:34Z" finished-at="2015-06-11T09:16:40Z">
          <reporter-output>
          </reporter-output>
        </test-method> <!-- testLastNameFieldLowerBoundary -->
        <test-method status="PASS" signature="testLastNameFieldAboveUpperBoundary()[pri:0, instance:elitecareer.framework.tests.RegisterPageTest@5ff3cd32]" name="testLastNameFieldAboveUpperBoundary" duration-ms="2974" started-at="2015-06-11T09:16:40Z" finished-at="2015-06-11T09:16:43Z">
          <reporter-output>
          </reporter-output>
        </test-method> <!-- testLastNameFieldAboveUpperBoundary -->
        <test-method status="PASS" signature="testLastNameFieldUpperBoundary()[pri:0, instance:elitecareer.framework.tests.RegisterPageTest@5ff3cd32]" name="testLastNameFieldUpperBoundary" duration-ms="8933" started-at="2015-06-11T09:16:43Z" finished-at="2015-06-11T09:16:52Z">
          <reporter-output>
          </reporter-output>
        </test-method> <!-- testLastNameFieldUpperBoundary -->
        <test-method status="PASS" signature="testDateOfBirthFieldWithInvalidInput()[pri:0, instance:elitecareer.framework.tests.RegisterPageTest@5ff3cd32]" name="testDateOfBirthFieldWithInvalidInput" duration-ms="3883" started-at="2015-06-11T09:16:52Z" finished-at="2015-06-11T09:16:56Z">
          <reporter-output>
          </reporter-output>
        </test-method> <!-- testDateOfBirthFieldWithInvalidInput -->
        <test-method status="PASS" signature="testDateOfBirthFieldWithValidInput()[pri:0, instance:elitecareer.framework.tests.RegisterPageTest@5ff3cd32]" name="testDateOfBirthFieldWithValidInput" duration-ms="2733" started-at="2015-06-11T09:16:56Z" finished-at="2015-06-11T09:16:58Z">
          <reporter-output>
          </reporter-output>
        </test-method> <!-- testDateOfBirthFieldWithValidInput -->
        <test-method status="FAIL" signature="testPhoneNoFieldBellowLowerBoundary()[pri:0, instance:elitecareer.framework.tests.RegisterPageTest@5ff3cd32]" name="testPhoneNoFieldBellowLowerBoundary" duration-ms="3097" started-at="2015-06-11T09:16:58Z" finished-at="2015-06-11T09:17:01Z">
          <exception class="java.lang.AssertionError">
            <message>
              <![CDATA[expected [* PhoneNo can not be less than 3 character.] but found [null]]]>
            </message>
            <full-stacktrace>
              <![CDATA[java.lang.AssertionError: expected [* PhoneNo can not be less than 3 character.] but found [null]
	at org.testng.Assert.fail(Assert.java:94)
	at org.testng.Assert.failNotEquals(Assert.java:494)
	at org.testng.Assert.assertEquals(Assert.java:123)
	at org.testng.Assert.assertEquals(Assert.java:176)
	at org.testng.Assert.assertEquals(Assert.java:186)
	at elitecareer.framework.tests.RegisterPageTest.testPhoneNoFieldBellowLowerBoundary(RegisterPageTest.java:139)
	at sun.reflect.NativeMethodAccessorImpl.invoke0(Native Method)
	at sun.reflect.NativeMethodAccessorImpl.invoke(NativeMethodAccessorImpl.java:57)
	at sun.reflect.DelegatingMethodAccessorImpl.invoke(DelegatingMethodAccessorImpl.java:43)
	at java.lang.reflect.Method.invoke(Method.java:606)
	at org.testng.internal.MethodInvocationHelper.invokeMethod(MethodInvocationHelper.java:84)
	at org.testng.internal.Invoker.invokeMethod(Invoker.java:714)
	at org.testng.internal.Invoker.invokeTestMethod(Invoker.java:901)
	at org.testng.internal.Invoker.invokeTestMethods(Invoker.java:1231)
	at org.testng.internal.TestMethodWorker.invokeTestMethods(TestMethodWorker.java:127)
	at org.testng.internal.TestMethodWorker.run(TestMethodWorker.java:111)
	at org.testng.TestRunner.privateRun(TestRunner.java:767)
	at org.testng.TestRunner.run(TestRunner.java:617)
	at org.testng.SuiteRunner.runTest(SuiteRunner.java:334)
	at org.testng.SuiteRunner.runSequentially(SuiteRunner.java:329)
	at org.testng.SuiteRunner.privateRun(SuiteRunner.java:291)
	at org.testng.SuiteRunner.run(SuiteRunner.java:240)
	at org.testng.SuiteRunnerWorker.runSuite(SuiteRunnerWorker.java:52)
	at org.testng.SuiteRunnerWorker.run(SuiteRunnerWorker.java:86)
	at org.testng.TestNG.runSuitesSequentially(TestNG.java:1224)
	at org.testng.TestNG.runSuitesLocally(TestNG.java:1149)
	at org.testng.TestNG.run(TestNG.java:1057)
	at org.testng.remote.RemoteTestNG.run(RemoteTestNG.java:111)
	at org.testng.remote.RemoteTestNG.initAndRun(RemoteTestNG.java:204)
	at org.testng.remote.RemoteTestNG.main(RemoteTestNG.java:175)
]]>
            </full-stacktrace>
          </exception> <!-- java.lang.AssertionError -->
          <reporter-output>
          </reporter-output>
        </test-method> <!-- testPhoneNoFieldBellowLowerBoundary -->
        <test-method status="PASS" signature="testPhoneNoFieldLowerBoundary()[pri:0, instance:elitecareer.framework.tests.RegisterPageTest@5ff3cd32]" name="testPhoneNoFieldLowerBoundary" duration-ms="5505" started-at="2015-06-11T09:17:04Z" finished-at="2015-06-11T09:17:10Z">
          <reporter-output>
          </reporter-output>
        </test-method> <!-- testPhoneNoFieldLowerBoundary -->
        <test-method status="PASS" signature="testPhoneNoFieldAboveUpperBoundary()[pri:0, instance:elitecareer.framework.tests.RegisterPageTest@5ff3cd32]" name="testPhoneNoFieldAboveUpperBoundary" duration-ms="3214" started-at="2015-06-11T09:17:10Z" finished-at="2015-06-11T09:17:13Z">
          <reporter-output>
          </reporter-output>
        </test-method> <!-- testPhoneNoFieldAboveUpperBoundary -->
        <test-method status="PASS" signature="testPhoneNoFieldUpperBoundary()[pri:0, instance:elitecareer.framework.tests.RegisterPageTest@5ff3cd32]" name="testPhoneNoFieldUpperBoundary" duration-ms="5427" started-at="2015-06-11T09:17:13Z" finished-at="2015-06-11T09:17:18Z">
          <reporter-output>
          </reporter-output>
        </test-method> <!-- testPhoneNoFieldUpperBoundary -->
        <test-method status="PASS" signature="testEmailFieldIfAlreadyRegistered()[pri:0, instance:elitecareer.framework.tests.RegisterPageTest@5ff3cd32]" name="testEmailFieldIfAlreadyRegistered" duration-ms="2884" started-at="2015-06-11T09:17:18Z" finished-at="2015-06-11T09:17:21Z">
          <reporter-output>
          </reporter-output>
        </test-method> <!-- testEmailFieldIfAlreadyRegistered -->
        <test-method status="PASS" signature="testPasswordFieldBellowLowerBoundary()[pri:0, instance:elitecareer.framework.tests.RegisterPageTest@5ff3cd32]" name="testPasswordFieldBellowLowerBoundary" duration-ms="3160" started-at="2015-06-11T09:17:21Z" finished-at="2015-06-11T09:17:24Z">
          <reporter-output>
          </reporter-output>
        </test-method> <!-- testPasswordFieldBellowLowerBoundary -->
        <test-method status="PASS" signature="testPasswordFieldLowerBoundary()[pri:0, instance:elitecareer.framework.tests.RegisterPageTest@5ff3cd32]" name="testPasswordFieldLowerBoundary" duration-ms="5154" started-at="2015-06-11T09:17:24Z" finished-at="2015-06-11T09:17:30Z">
          <reporter-output>
          </reporter-output>
        </test-method> <!-- testPasswordFieldLowerBoundary -->
        <test-method status="PASS" signature="testPasswordFieldAboveUpperBoundary()[pri:0, instance:elitecareer.framework.tests.RegisterPageTest@5ff3cd32]" name="testPasswordFieldAboveUpperBoundary" duration-ms="3769" started-at="2015-06-11T09:17:30Z" finished-at="2015-06-11T09:17:33Z">
          <reporter-output>
          </reporter-output>
        </test-method> <!-- testPasswordFieldAboveUpperBoundary -->
        <test-method status="PASS" signature="testPasswordFieldUpperBoundary()[pri:0, instance:elitecareer.framework.tests.RegisterPageTest@5ff3cd32]" name="testPasswordFieldUpperBoundary" duration-ms="6115" started-at="2015-06-11T09:17:33Z" finished-at="2015-06-11T09:17:39Z">
          <reporter-output>
          </reporter-output>
        </test-method> <!-- testPasswordFieldUpperBoundary -->
        <test-method status="PASS" signature="testPasswordAndConfirmPasswordFieldsIfDoNotMatch()[pri:0, instance:elitecareer.framework.tests.RegisterPageTest@5ff3cd32]" name="testPasswordAndConfirmPasswordFieldsIfDoNotMatch" duration-ms="2891" started-at="2015-06-11T09:17:39Z" finished-at="2015-06-11T09:17:42Z">
          <reporter-output>
          </reporter-output>
        </test-method> <!-- testPasswordAndConfirmPasswordFieldsIfDoNotMatch -->
        <test-method status="PASS" signature="tearDown()[pri:0, instance:elitecareer.framework.tests.RegisterPageTest@5ff3cd32]" name="tearDown" is-config="true" duration-ms="318" started-at="2015-06-11T09:17:42Z" finished-at="2015-06-11T09:17:43Z">
          <reporter-output>
          </reporter-output>
        </test-method> <!-- tearDown -->
      </class> <!-- elitecareer.framework.tests.RegisterPageTest -->
      <class name="elitecareer.framework.tests.HomePageTest">
        <test-method status="PASS" signature="setUp(java.lang.String, java.lang.String)[pri:0, instance:elitecareer.framework.tests.HomePageTest@2588b2da]" name="setUp" is-config="true" duration-ms="32064" started-at="2015-06-11T09:14:15Z" finished-at="2015-06-11T09:14:47Z">
          <params>
            <param index="0">
              <value>
                <![CDATA[firefox]]>
              </value>
            </param>
            <param index="1">
              <value>
                <![CDATA[http://elitecareer.net]]>
              </value>
            </param>
          </params>
          <reporter-output>
          </reporter-output>
        </test-method> <!-- setUp -->
        <test-method status="PASS" signature="testHomePageTitle()[pri:0, instance:elitecareer.framework.tests.HomePageTest@2588b2da]" name="testHomePageTitle" duration-ms="104" started-at="2015-06-11T09:14:47Z" finished-at="2015-06-11T09:14:47Z">
          <reporter-output>
          </reporter-output>
        </test-method> <!-- testHomePageTitle -->
        <test-method status="FAIL" signature="testHomePageUrl()[pri:0, instance:elitecareer.framework.tests.HomePageTest@2588b2da]" name="testHomePageUrl" duration-ms="12" started-at="2015-06-11T09:14:47Z" finished-at="2015-06-11T09:14:47Z">
          <exception class="java.lang.AssertionError">
            <message>
              <![CDATA[expected [true] but found [false]]]>
            </message>
            <full-stacktrace>
              <![CDATA[java.lang.AssertionError: expected [true] but found [false]
	at org.testng.Assert.fail(Assert.java:94)
	at org.testng.Assert.failNotEquals(Assert.java:494)
	at org.testng.Assert.assertTrue(Assert.java:42)
	at org.testng.Assert.assertTrue(Assert.java:52)
	at elitecareer.framework.tests.HomePageTest.testHomePageUrl(HomePageTest.java:20)
	at sun.reflect.NativeMethodAccessorImpl.invoke0(Native Method)
	at sun.reflect.NativeMethodAccessorImpl.invoke(NativeMethodAccessorImpl.java:57)
	at sun.reflect.DelegatingMethodAccessorImpl.invoke(DelegatingMethodAccessorImpl.java:43)
	at java.lang.reflect.Method.invoke(Method.java:606)
	at org.testng.internal.MethodInvocationHelper.invokeMethod(MethodInvocationHelper.java:84)
	at org.testng.internal.Invoker.invokeMethod(Invoker.java:714)
	at org.testng.internal.Invoker.invokeTestMethod(Invoker.java:901)
	at org.testng.internal.Invoker.invokeTestMethods(Invoker.java:1231)
	at org.testng.internal.TestMethodWorker.invokeTestMethods(TestMethodWorker.java:127)
	at org.testng.internal.TestMethodWorker.run(TestMethodWorker.java:111)
	at org.testng.TestRunner.privateRun(TestRunner.java:767)
	at org.testng.TestRunner.run(TestRunner.java:617)
	at org.testng.SuiteRunner.runTest(SuiteRunner.java:334)
	at org.testng.SuiteRunner.runSequentially(SuiteRunner.java:329)
	at org.testng.SuiteRunner.privateRun(SuiteRunner.java:291)
	at org.testng.SuiteRunner.run(SuiteRunner.java:240)
	at org.testng.SuiteRunnerWorker.runSuite(SuiteRunnerWorker.java:52)
	at org.testng.SuiteRunnerWorker.run(SuiteRunnerWorker.java:86)
	at org.testng.TestNG.runSuitesSequentially(TestNG.java:1224)
	at org.testng.TestNG.runSuitesLocally(TestNG.java:1149)
	at org.testng.TestNG.run(TestNG.java:1057)
	at org.testng.remote.RemoteTestNG.run(RemoteTestNG.java:111)
	at org.testng.remote.RemoteTestNG.initAndRun(RemoteTestNG.java:204)
	at org.testng.remote.RemoteTestNG.main(RemoteTestNG.java:175)
]]>
            </full-stacktrace>
          </exception> <!-- java.lang.AssertionError -->
          <reporter-output>
          </reporter-output>
        </test-method> <!-- testHomePageUrl -->
        <test-method status="FAIL" signature="testJobSearchTitle()[pri:0, instance:elitecareer.framework.tests.HomePageTest@2588b2da]" name="testJobSearchTitle" duration-ms="694" started-at="2015-06-11T09:14:51Z" finished-at="2015-06-11T09:14:52Z">
          <exception class="java.lang.AssertionError">
            <message>
              <![CDATA[expected [Job Searchs] but found [Job Search]]]>
            </message>
            <full-stacktrace>
              <![CDATA[java.lang.AssertionError: expected [Job Searchs] but found [Job Search]
	at org.testng.Assert.fail(Assert.java:94)
	at org.testng.Assert.failNotEquals(Assert.java:494)
	at org.testng.Assert.assertEquals(Assert.java:123)
	at org.testng.Assert.assertEquals(Assert.java:176)
	at org.testng.Assert.assertEquals(Assert.java:186)
	at elitecareer.framework.tests.HomePageTest.testJobSearchTitle(HomePageTest.java:25)
	at sun.reflect.NativeMethodAccessorImpl.invoke0(Native Method)
	at sun.reflect.NativeMethodAccessorImpl.invoke(NativeMethodAccessorImpl.java:57)
	at sun.reflect.DelegatingMethodAccessorImpl.invoke(DelegatingMethodAccessorImpl.java:43)
	at java.lang.reflect.Method.invoke(Method.java:606)
	at org.testng.internal.MethodInvocationHelper.invokeMethod(MethodInvocationHelper.java:84)
	at org.testng.internal.Invoker.invokeMethod(Invoker.java:714)
	at org.testng.internal.Invoker.invokeTestMethod(Invoker.java:901)
	at org.testng.internal.Invoker.invokeTestMethods(Invoker.java:1231)
	at org.testng.internal.TestMethodWorker.invokeTestMethods(TestMethodWorker.java:127)
	at org.testng.internal.TestMethodWorker.run(TestMethodWorker.java:111)
	at org.testng.TestRunner.privateRun(TestRunner.java:767)
	at org.testng.TestRunner.run(TestRunner.java:617)
	at org.testng.SuiteRunner.runTest(SuiteRunner.java:334)
	at org.testng.SuiteRunner.runSequentially(SuiteRunner.java:329)
	at org.testng.SuiteRunner.privateRun(SuiteRunner.java:291)
	at org.testng.SuiteRunner.run(SuiteRunner.java:240)
	at org.testng.SuiteRunnerWorker.runSuite(SuiteRunnerWorker.java:52)
	at org.testng.SuiteRunnerWorker.run(SuiteRunnerWorker.java:86)
	at org.testng.TestNG.runSuitesSequentially(TestNG.java:1224)
	at org.testng.TestNG.runSuitesLocally(TestNG.java:1149)
	at org.testng.TestNG.run(TestNG.java:1057)
	at org.testng.remote.RemoteTestNG.run(RemoteTestNG.java:111)
	at org.testng.remote.RemoteTestNG.initAndRun(RemoteTestNG.java:204)
	at org.testng.remote.RemoteTestNG.main(RemoteTestNG.java:175)
]]>
            </full-stacktrace>
          </exception> <!-- java.lang.AssertionError -->
          <reporter-output>
          </reporter-output>
        </test-method> <!-- testJobSearchTitle -->
        <test-method status="FAIL" signature="testNewJobsTitle()[pri:0, instance:elitecareer.framework.tests.HomePageTest@2588b2da]" name="testNewJobsTitle" duration-ms="195" started-at="2015-06-11T09:14:55Z" finished-at="2015-06-11T09:14:55Z">
          <exception class="java.lang.AssertionError">
            <message>
              <![CDATA[expected [New Jobs] but found [New Jobs (Total: 84 Jobs)]]]>
            </message>
            <full-stacktrace>
              <![CDATA[java.lang.AssertionError: expected [New Jobs] but found [New Jobs (Total: 84 Jobs)]
	at org.testng.Assert.fail(Assert.java:94)
	at org.testng.Assert.failNotEquals(Assert.java:494)
	at org.testng.Assert.assertEquals(Assert.java:123)
	at org.testng.Assert.assertEquals(Assert.java:176)
	at org.testng.Assert.assertEquals(Assert.java:186)
	at elitecareer.framework.tests.HomePageTest.testNewJobsTitle(HomePageTest.java:30)
	at sun.reflect.NativeMethodAccessorImpl.invoke0(Native Method)
	at sun.reflect.NativeMethodAccessorImpl.invoke(NativeMethodAccessorImpl.java:57)
	at sun.reflect.DelegatingMethodAccessorImpl.invoke(DelegatingMethodAccessorImpl.java:43)
	at java.lang.reflect.Method.invoke(Method.java:606)
	at org.testng.internal.MethodInvocationHelper.invokeMethod(MethodInvocationHelper.java:84)
	at org.testng.internal.Invoker.invokeMethod(Invoker.java:714)
	at org.testng.internal.Invoker.invokeTestMethod(Invoker.java:901)
	at org.testng.internal.Invoker.invokeTestMethods(Invoker.java:1231)
	at org.testng.internal.TestMethodWorker.invokeTestMethods(TestMethodWorker.java:127)
	at org.testng.internal.TestMethodWorker.run(TestMethodWorker.java:111)
	at org.testng.TestRunner.privateRun(TestRunner.java:767)
	at org.testng.TestRunner.run(TestRunner.java:617)
	at org.testng.SuiteRunner.runTest(SuiteRunner.java:334)
	at org.testng.SuiteRunner.runSequentially(SuiteRunner.java:329)
	at org.testng.SuiteRunner.privateRun(SuiteRunner.java:291)
	at org.testng.SuiteRunner.run(SuiteRunner.java:240)
	at org.testng.SuiteRunnerWorker.runSuite(SuiteRunnerWorker.java:52)
	at org.testng.SuiteRunnerWorker.run(SuiteRunnerWorker.java:86)
	at org.testng.TestNG.runSuitesSequentially(TestNG.java:1224)
	at org.testng.TestNG.runSuitesLocally(TestNG.java:1149)
	at org.testng.TestNG.run(TestNG.java:1057)
	at org.testng.remote.RemoteTestNG.run(RemoteTestNG.java:111)
	at org.testng.remote.RemoteTestNG.initAndRun(RemoteTestNG.java:204)
	at org.testng.remote.RemoteTestNG.main(RemoteTestNG.java:175)
]]>
            </full-stacktrace>
          </exception> <!-- java.lang.AssertionError -->
          <reporter-output>
          </reporter-output>
        </test-method> <!-- testNewJobsTitle -->
        <test-method status="PASS" signature="testLinkedInPageTitle()[pri:0, instance:elitecareer.framework.tests.HomePageTest@2588b2da]" name="testLinkedInPageTitle" duration-ms="514" started-at="2015-06-11T09:14:58Z" finished-at="2015-06-11T09:14:58Z">
          <reporter-output>
          </reporter-output>
        </test-method> <!-- testLinkedInPageTitle -->
        <test-method status="FAIL" signature="testFacebookPageTitle()[pri:0, instance:elitecareer.framework.tests.HomePageTest@2588b2da]" name="testFacebookPageTitle" duration-ms="357" started-at="2015-06-11T09:14:58Z" finished-at="2015-06-11T09:14:59Z">
          <exception class="java.lang.AssertionError">
            <message>
              <![CDATA[expected [Facebook Pagee] but found [Facebook Page]]]>
            </message>
            <full-stacktrace>
              <![CDATA[java.lang.AssertionError: expected [Facebook Pagee] but found [Facebook Page]
	at org.testng.Assert.fail(Assert.java:94)
	at org.testng.Assert.failNotEquals(Assert.java:494)
	at org.testng.Assert.assertEquals(Assert.java:123)
	at org.testng.Assert.assertEquals(Assert.java:176)
	at org.testng.Assert.assertEquals(Assert.java:186)
	at elitecareer.framework.tests.HomePageTest.testFacebookPageTitle(HomePageTest.java:40)
	at sun.reflect.NativeMethodAccessorImpl.invoke0(Native Method)
	at sun.reflect.NativeMethodAccessorImpl.invoke(NativeMethodAccessorImpl.java:57)
	at sun.reflect.DelegatingMethodAccessorImpl.invoke(DelegatingMethodAccessorImpl.java:43)
	at java.lang.reflect.Method.invoke(Method.java:606)
	at org.testng.internal.MethodInvocationHelper.invokeMethod(MethodInvocationHelper.java:84)
	at org.testng.internal.Invoker.invokeMethod(Invoker.java:714)
	at org.testng.internal.Invoker.invokeTestMethod(Invoker.java:901)
	at org.testng.internal.Invoker.invokeTestMethods(Invoker.java:1231)
	at org.testng.internal.TestMethodWorker.invokeTestMethods(TestMethodWorker.java:127)
	at org.testng.internal.TestMethodWorker.run(TestMethodWorker.java:111)
	at org.testng.TestRunner.privateRun(TestRunner.java:767)
	at org.testng.TestRunner.run(TestRunner.java:617)
	at org.testng.SuiteRunner.runTest(SuiteRunner.java:334)
	at org.testng.SuiteRunner.runSequentially(SuiteRunner.java:329)
	at org.testng.SuiteRunner.privateRun(SuiteRunner.java:291)
	at org.testng.SuiteRunner.run(SuiteRunner.java:240)
	at org.testng.SuiteRunnerWorker.runSuite(SuiteRunnerWorker.java:52)
	at org.testng.SuiteRunnerWorker.run(SuiteRunnerWorker.java:86)
	at org.testng.TestNG.runSuitesSequentially(TestNG.java:1224)
	at org.testng.TestNG.runSuitesLocally(TestNG.java:1149)
	at org.testng.TestNG.run(TestNG.java:1057)
	at org.testng.remote.RemoteTestNG.run(RemoteTestNG.java:111)
	at org.testng.remote.RemoteTestNG.initAndRun(RemoteTestNG.java:204)
	at org.testng.remote.RemoteTestNG.main(RemoteTestNG.java:175)
]]>
            </full-stacktrace>
          </exception> <!-- java.lang.AssertionError -->
          <reporter-output>
          </reporter-output>
        </test-method> <!-- testFacebookPageTitle -->
        <test-method status="PASS" signature="tearDown()[pri:0, instance:elitecareer.framework.tests.HomePageTest@2588b2da]" name="tearDown" is-config="true" duration-ms="411" started-at="2015-06-11T09:15:01Z" finished-at="2015-06-11T09:15:01Z">
          <reporter-output>
          </reporter-output>
        </test-method> <!-- tearDown -->
      </class> <!-- elitecareer.framework.tests.HomePageTest -->
      <class name="elitecareer.framework.tests.UpdatePersonalInformationPageTest">
        <test-method status="PASS" signature="setUp(java.lang.String, java.lang.String)[pri:0, instance:elitecareer.framework.tests.UpdatePersonalInformationPageTest@5c77399e]" name="setUp" is-config="true" duration-ms="23670" started-at="2015-06-11T09:19:36Z" finished-at="2015-06-11T09:20:00Z">
          <params>
            <param index="0">
              <value>
                <![CDATA[firefox]]>
              </value>
            </param>
            <param index="1">
              <value>
                <![CDATA[http://elitecareer.net]]>
              </value>
            </param>
          </params>
          <reporter-output>
          </reporter-output>
        </test-method> <!-- setUp -->
        <test-method status="PASS" signature="testEditPersonalInformationLink()[pri:0, instance:elitecareer.framework.tests.UpdatePersonalInformationPageTest@5c77399e]" name="testEditPersonalInformationLink" duration-ms="12484" started-at="2015-06-11T09:20:00Z" finished-at="2015-06-11T09:20:13Z">
          <reporter-output>
          </reporter-output>
        </test-method> <!-- testEditPersonalInformationLink -->
        <test-method status="PASS" signature="testPageTitle()[pri:0, instance:elitecareer.framework.tests.UpdatePersonalInformationPageTest@5c77399e]" name="testPageTitle" duration-ms="88" started-at="2015-06-11T09:20:13Z" finished-at="2015-06-11T09:20:13Z">
          <reporter-output>
          </reporter-output>
        </test-method> <!-- testPageTitle -->
        <test-method status="PASS" signature="testUpdatePersonalInformationTitle()[pri:0, instance:elitecareer.framework.tests.UpdatePersonalInformationPageTest@5c77399e]" name="testUpdatePersonalInformationTitle" duration-ms="181" started-at="2015-06-11T09:20:13Z" finished-at="2015-06-11T09:20:13Z">
          <reporter-output>
          </reporter-output>
        </test-method> <!-- testUpdatePersonalInformationTitle -->
        <test-method status="PASS" signature="testFirstNameFieldBellowLowerBoundary()[pri:0, instance:elitecareer.framework.tests.UpdatePersonalInformationPageTest@5c77399e]" name="testFirstNameFieldBellowLowerBoundary" duration-ms="2473" started-at="2015-06-11T09:20:13Z" finished-at="2015-06-11T09:20:15Z">
          <reporter-output>
          </reporter-output>
        </test-method> <!-- testFirstNameFieldBellowLowerBoundary -->
        <test-method status="PASS" signature="testFirstNameFieldLowerBoundary()[pri:0, instance:elitecareer.framework.tests.UpdatePersonalInformationPageTest@5c77399e]" name="testFirstNameFieldLowerBoundary" duration-ms="2495" started-at="2015-06-11T09:20:15Z" finished-at="2015-06-11T09:20:18Z">
          <reporter-output>
          </reporter-output>
        </test-method> <!-- testFirstNameFieldLowerBoundary -->
        <test-method status="PASS" signature="testFirstNameFieldAboveUpperBoundary()[pri:0, instance:elitecareer.framework.tests.UpdatePersonalInformationPageTest@5c77399e]" name="testFirstNameFieldAboveUpperBoundary" duration-ms="1818" started-at="2015-06-11T09:20:18Z" finished-at="2015-06-11T09:20:20Z">
          <reporter-output>
          </reporter-output>
        </test-method> <!-- testFirstNameFieldAboveUpperBoundary -->
        <test-method status="PASS" signature="testFirstNameFieldUpperBoundary()[pri:0, instance:elitecareer.framework.tests.UpdatePersonalInformationPageTest@5c77399e]" name="testFirstNameFieldUpperBoundary" duration-ms="2385" started-at="2015-06-11T09:20:20Z" finished-at="2015-06-11T09:20:22Z">
          <reporter-output>
          </reporter-output>
        </test-method> <!-- testFirstNameFieldUpperBoundary -->
        <test-method status="PASS" signature="testLastNameFieldBellowLowerBoundary()[pri:0, instance:elitecareer.framework.tests.UpdatePersonalInformationPageTest@5c77399e]" name="testLastNameFieldBellowLowerBoundary" duration-ms="1554" started-at="2015-06-11T09:20:22Z" finished-at="2015-06-11T09:20:24Z">
          <reporter-output>
          </reporter-output>
        </test-method> <!-- testLastNameFieldBellowLowerBoundary -->
        <test-method status="PASS" signature="testLastNameFieldLowerBoundary()[pri:0, instance:elitecareer.framework.tests.UpdatePersonalInformationPageTest@5c77399e]" name="testLastNameFieldLowerBoundary" duration-ms="2371" started-at="2015-06-11T09:20:24Z" finished-at="2015-06-11T09:20:26Z">
          <reporter-output>
          </reporter-output>
        </test-method> <!-- testLastNameFieldLowerBoundary -->
        <test-method status="PASS" signature="testLastNameFieldAboveUpperBoundary()[pri:0, instance:elitecareer.framework.tests.UpdatePersonalInformationPageTest@5c77399e]" name="testLastNameFieldAboveUpperBoundary" duration-ms="1746" started-at="2015-06-11T09:20:26Z" finished-at="2015-06-11T09:20:28Z">
          <reporter-output>
          </reporter-output>
        </test-method> <!-- testLastNameFieldAboveUpperBoundary -->
        <test-method status="PASS" signature="testLastNameFieldUpperBoundary()[pri:0, instance:elitecareer.framework.tests.UpdatePersonalInformationPageTest@5c77399e]" name="testLastNameFieldUpperBoundary" duration-ms="2389" started-at="2015-06-11T09:20:28Z" finished-at="2015-06-11T09:20:30Z">
          <reporter-output>
          </reporter-output>
        </test-method> <!-- testLastNameFieldUpperBoundary -->
        <test-method status="PASS" signature="testDateOfBirthFieldWithInvalidInput()[pri:0, instance:elitecareer.framework.tests.UpdatePersonalInformationPageTest@5c77399e]" name="testDateOfBirthFieldWithInvalidInput" duration-ms="1730" started-at="2015-06-11T09:20:30Z" finished-at="2015-06-11T09:20:32Z">
          <reporter-output>
          </reporter-output>
        </test-method> <!-- testDateOfBirthFieldWithInvalidInput -->
        <test-method status="PASS" signature="testDateOfBirthFieldWithValidInput()[pri:0, instance:elitecareer.framework.tests.UpdatePersonalInformationPageTest@5c77399e]" name="testDateOfBirthFieldWithValidInput" duration-ms="1425" started-at="2015-06-11T09:20:32Z" finished-at="2015-06-11T09:20:33Z">
          <reporter-output>
          </reporter-output>
        </test-method> <!-- testDateOfBirthFieldWithValidInput -->
        <test-method status="PASS" signature="testUpdateWithAllValidData()[pri:0, instance:elitecareer.framework.tests.UpdatePersonalInformationPageTest@5c77399e]" name="testUpdateWithAllValidData" duration-ms="3252" started-at="2015-06-11T09:20:33Z" finished-at="2015-06-11T09:20:37Z">
          <reporter-output>
          </reporter-output>
        </test-method> <!-- testUpdateWithAllValidData -->
        <test-method status="PASS" signature="tearDown()[pri:0, instance:elitecareer.framework.tests.UpdatePersonalInformationPageTest@5c77399e]" name="tearDown" is-config="true" duration-ms="405" started-at="2015-06-11T09:20:37Z" finished-at="2015-06-11T09:20:37Z">
          <reporter-output>
          </reporter-output>
        </test-method> <!-- tearDown -->
      </class> <!-- elitecareer.framework.tests.UpdatePersonalInformationPageTest -->
      <class name="elitecareer.framework.tests.SignInPageTest">
        <test-method status="PASS" signature="setUp(java.lang.String, java.lang.String)[pri:0, instance:elitecareer.framework.tests.SignInPageTest@1767e37f]" name="setUp" is-config="true" duration-ms="25250" started-at="2015-06-11T09:17:43Z" finished-at="2015-06-11T09:18:08Z">
          <params>
            <param index="0">
              <value>
                <![CDATA[firefox]]>
              </value>
            </param>
            <param index="1">
              <value>
                <![CDATA[http://elitecareer.net]]>
              </value>
            </param>
          </params>
          <reporter-output>
          </reporter-output>
        </test-method> <!-- setUp -->
        <test-method status="PASS" signature="testSignInPageTitle()[pri:0, instance:elitecareer.framework.tests.SignInPageTest@1767e37f]" name="testSignInPageTitle" duration-ms="4806" started-at="2015-06-11T09:18:08Z" finished-at="2015-06-11T09:18:13Z">
          <reporter-output>
          </reporter-output>
        </test-method> <!-- testSignInPageTitle -->
        <test-method status="PASS" signature="testSignInPageUrl()[pri:0, instance:elitecareer.framework.tests.SignInPageTest@1767e37f]" name="testSignInPageUrl" duration-ms="124" started-at="2015-06-11T09:18:13Z" finished-at="2015-06-11T09:18:13Z">
          <reporter-output>
          </reporter-output>
        </test-method> <!-- testSignInPageUrl -->
        <test-method status="PASS" signature="testSignInTitle()[pri:0, instance:elitecareer.framework.tests.SignInPageTest@1767e37f]" name="testSignInTitle" duration-ms="257" started-at="2015-06-11T09:18:13Z" finished-at="2015-06-11T09:18:13Z">
          <reporter-output>
          </reporter-output>
        </test-method> <!-- testSignInTitle -->
        <test-method status="PASS" signature="testSignInWithEmptyCredentials()[pri:0, instance:elitecareer.framework.tests.SignInPageTest@1767e37f]" name="testSignInWithEmptyCredentials" duration-ms="10852" started-at="2015-06-11T09:18:13Z" finished-at="2015-06-11T09:18:24Z">
          <reporter-output>
          </reporter-output>
        </test-method> <!-- testSignInWithEmptyCredentials -->
        <test-method status="PASS" signature="testEmailFieldWithWrongEmail(java.lang.String, java.lang.String)[pri:0, instance:elitecareer.framework.tests.SignInPageTest@1767e37f]" name="testEmailFieldWithWrongEmail" duration-ms="2697" started-at="2015-06-11T09:18:25Z" data-provider="signInPageDataProvider" finished-at="2015-06-11T09:18:28Z">
          <params>
            <param index="0">
              <value>
                <![CDATA[test@test.com]]>
              </value>
            </param>
            <param index="1">
              <value>
                <![CDATA[365827]]>
              </value>
            </param>
          </params>
          <reporter-output>
          </reporter-output>
        </test-method> <!-- testEmailFieldWithWrongEmail -->
        <test-method status="PASS" signature="testEmailFieldWithWrongEmail(java.lang.String, java.lang.String)[pri:0, instance:elitecareer.framework.tests.SignInPageTest@1767e37f]" name="testEmailFieldWithWrongEmail" duration-ms="2710" started-at="2015-06-11T09:18:28Z" data-provider="signInPageDataProvider" finished-at="2015-06-11T09:18:31Z">
          <params>
            <param index="0">
              <value>
                <![CDATA[anothertest@test.com]]>
              </value>
            </param>
            <param index="1">
              <value>
                <![CDATA[365827]]>
              </value>
            </param>
          </params>
          <reporter-output>
          </reporter-output>
        </test-method> <!-- testEmailFieldWithWrongEmail -->
        <test-method status="PASS" signature="testEmailFieldWithEmptyEmail(java.lang.String)[pri:0, instance:elitecareer.framework.tests.SignInPageTest@1767e37f]" name="testEmailFieldWithEmptyEmail" duration-ms="2260" started-at="2015-06-11T09:18:31Z" data-provider="signInPageDataProvider" finished-at="2015-06-11T09:18:33Z">
          <params>
            <param index="0">
              <value>
                <![CDATA[365827]]>
              </value>
            </param>
          </params>
          <reporter-output>
          </reporter-output>
        </test-method> <!-- testEmailFieldWithEmptyEmail -->
        <test-method status="PASS" signature="testEmailFieldWithEmptyEmail(java.lang.String)[pri:0, instance:elitecareer.framework.tests.SignInPageTest@1767e37f]" name="testEmailFieldWithEmptyEmail" duration-ms="2195" started-at="2015-06-11T09:18:33Z" data-provider="signInPageDataProvider" finished-at="2015-06-11T09:18:35Z">
          <params>
            <param index="0">
              <value>
                <![CDATA[365827]]>
              </value>
            </param>
          </params>
          <reporter-output>
          </reporter-output>
        </test-method> <!-- testEmailFieldWithEmptyEmail -->
        <test-method status="PASS" signature="testPasswordFieldWithWrongPassword(java.lang.String, java.lang.String)[pri:0, instance:elitecareer.framework.tests.SignInPageTest@1767e37f]" name="testPasswordFieldWithWrongPassword" duration-ms="3140" started-at="2015-06-11T09:18:35Z" data-provider="signInPageDataProvider" finished-at="2015-06-11T09:18:38Z">
          <params>
            <param index="0">
              <value>
                <![CDATA[shakil_ipe@yahoo.com]]>
              </value>
            </param>
            <param index="1">
              <value>
                <![CDATA[123456as]]>
              </value>
            </param>
          </params>
          <reporter-output>
          </reporter-output>
        </test-method> <!-- testPasswordFieldWithWrongPassword -->
        <test-method status="PASS" signature="testPasswordFieldWithWrongPassword(java.lang.String, java.lang.String)[pri:0, instance:elitecareer.framework.tests.SignInPageTest@1767e37f]" name="testPasswordFieldWithWrongPassword" duration-ms="2200" started-at="2015-06-11T09:18:38Z" data-provider="signInPageDataProvider" finished-at="2015-06-11T09:18:41Z">
          <params>
            <param index="0">
              <value>
                <![CDATA[nurul@yahoo.com]]>
              </value>
            </param>
            <param index="1">
              <value>
                <![CDATA[asadgfh]]>
              </value>
            </param>
          </params>
          <reporter-output>
          </reporter-output>
        </test-method> <!-- testPasswordFieldWithWrongPassword -->
        <test-method status="PASS" signature="testPasswordFieldWithWrongPassword(java.lang.String, java.lang.String)[pri:0, instance:elitecareer.framework.tests.SignInPageTest@1767e37f]" name="testPasswordFieldWithWrongPassword" duration-ms="2236" started-at="2015-06-11T09:18:41Z" data-provider="signInPageDataProvider" finished-at="2015-06-11T09:18:43Z">
          <params>
            <param index="0">
              <value>
                <![CDATA[shakil_ipe@yahoo.com]]>
              </value>
            </param>
            <param index="1">
              <value>
                <![CDATA[3656dgd]]>
              </value>
            </param>
          </params>
          <reporter-output>
          </reporter-output>
        </test-method> <!-- testPasswordFieldWithWrongPassword -->
        <test-method status="PASS" signature="testPasswordFieldWithWrongPassword(java.lang.String, java.lang.String)[pri:0, instance:elitecareer.framework.tests.SignInPageTest@1767e37f]" name="testPasswordFieldWithWrongPassword" duration-ms="2775" started-at="2015-06-11T09:18:43Z" data-provider="signInPageDataProvider" finished-at="2015-06-11T09:18:46Z">
          <params>
            <param index="0">
              <value>
                <![CDATA[shakil_ipe@yahoo.com]]>
              </value>
            </param>
            <param index="1">
              <value>
                <![CDATA[dfghfhn]]>
              </value>
            </param>
          </params>
          <reporter-output>
          </reporter-output>
        </test-method> <!-- testPasswordFieldWithWrongPassword -->
        <test-method status="PASS" signature="testPasswordFieldWithWrongPassword(java.lang.String, java.lang.String)[pri:0, instance:elitecareer.framework.tests.SignInPageTest@1767e37f]" name="testPasswordFieldWithWrongPassword" duration-ms="2469" started-at="2015-06-11T09:18:46Z" data-provider="signInPageDataProvider" finished-at="2015-06-11T09:18:48Z">
          <params>
            <param index="0">
              <value>
                <![CDATA[shakil_ipe@yahoo.com]]>
              </value>
            </param>
            <param index="1">
              <value>
                <![CDATA[mnhg344r]]>
              </value>
            </param>
          </params>
          <reporter-output>
          </reporter-output>
        </test-method> <!-- testPasswordFieldWithWrongPassword -->
        <test-method status="PASS" signature="testPasswordFieldWithEmptyPassword(java.lang.String)[pri:0, instance:elitecareer.framework.tests.SignInPageTest@1767e37f]" name="testPasswordFieldWithEmptyPassword" duration-ms="2357" started-at="2015-06-11T09:18:48Z" data-provider="signInPageDataProvider" finished-at="2015-06-11T09:18:51Z">
          <params>
            <param index="0">
              <value>
                <![CDATA[shakil_ipe@yahoo.com]]>
              </value>
            </param>
          </params>
          <reporter-output>
          </reporter-output>
        </test-method> <!-- testPasswordFieldWithEmptyPassword -->
        <test-method status="PASS" signature="testPasswordFieldWithEmptyPassword(java.lang.String)[pri:0, instance:elitecareer.framework.tests.SignInPageTest@1767e37f]" name="testPasswordFieldWithEmptyPassword" duration-ms="2395" started-at="2015-06-11T09:18:51Z" data-provider="signInPageDataProvider" finished-at="2015-06-11T09:18:53Z">
          <params>
            <param index="0">
              <value>
                <![CDATA[nurul@yahoo.com]]>
              </value>
            </param>
          </params>
          <reporter-output>
          </reporter-output>
        </test-method> <!-- testPasswordFieldWithEmptyPassword -->
        <test-method status="PASS" signature="testPasswordFieldWithEmptyPassword(java.lang.String)[pri:0, instance:elitecareer.framework.tests.SignInPageTest@1767e37f]" name="testPasswordFieldWithEmptyPassword" duration-ms="4743" started-at="2015-06-11T09:18:53Z" data-provider="signInPageDataProvider" finished-at="2015-06-11T09:18:58Z">
          <params>
            <param index="0">
              <value>
                <![CDATA[shakil_ipe@yahoo.com]]>
              </value>
            </param>
          </params>
          <reporter-output>
          </reporter-output>
        </test-method> <!-- testPasswordFieldWithEmptyPassword -->
        <test-method status="PASS" signature="testPasswordFieldWithEmptyPassword(java.lang.String)[pri:0, instance:elitecareer.framework.tests.SignInPageTest@1767e37f]" name="testPasswordFieldWithEmptyPassword" duration-ms="2111" started-at="2015-06-11T09:18:58Z" data-provider="signInPageDataProvider" finished-at="2015-06-11T09:19:00Z">
          <params>
            <param index="0">
              <value>
                <![CDATA[shakil_ipe@yahoo.com]]>
              </value>
            </param>
          </params>
          <reporter-output>
          </reporter-output>
        </test-method> <!-- testPasswordFieldWithEmptyPassword -->
        <test-method status="PASS" signature="testPasswordFieldWithEmptyPassword(java.lang.String)[pri:0, instance:elitecareer.framework.tests.SignInPageTest@1767e37f]" name="testPasswordFieldWithEmptyPassword" duration-ms="2225" started-at="2015-06-11T09:19:00Z" data-provider="signInPageDataProvider" finished-at="2015-06-11T09:19:02Z">
          <params>
            <param index="0">
              <value>
                <![CDATA[shakil_ipe@yahoo.com]]>
              </value>
            </param>
          </params>
          <reporter-output>
          </reporter-output>
        </test-method> <!-- testPasswordFieldWithEmptyPassword -->
        <test-method status="PASS" signature="testSignInWithCorrectCredentials(java.lang.String, java.lang.String)[pri:0, instance:elitecareer.framework.tests.SignInPageTest@1767e37f]" name="testSignInWithCorrectCredentials" duration-ms="9955" started-at="2015-06-11T09:19:02Z" data-provider="signInPageDataProvider" finished-at="2015-06-11T09:19:12Z">
          <params>
            <param index="0">
              <value>
                <![CDATA[shakil_ipe@yahoo.com]]>
              </value>
            </param>
            <param index="1">
              <value>
                <![CDATA[365827]]>
              </value>
            </param>
          </params>
          <reporter-output>
          </reporter-output>
        </test-method> <!-- testSignInWithCorrectCredentials -->
        <test-method status="PASS" signature="testSignInWithCorrectCredentials(java.lang.String, java.lang.String)[pri:0, instance:elitecareer.framework.tests.SignInPageTest@1767e37f]" name="testSignInWithCorrectCredentials" duration-ms="23344" started-at="2015-06-11T09:19:12Z" data-provider="signInPageDataProvider" finished-at="2015-06-11T09:19:35Z">
          <params>
            <param index="0">
              <value>
                <![CDATA[nurul@yahoo.com]]>
              </value>
            </param>
            <param index="1">
              <value>
                <![CDATA[365827]]>
              </value>
            </param>
          </params>
          <reporter-output>
          </reporter-output>
        </test-method> <!-- testSignInWithCorrectCredentials -->
        <test-method status="PASS" signature="tearDown()[pri:0, instance:elitecareer.framework.tests.SignInPageTest@1767e37f]" name="tearDown" is-config="true" duration-ms="1116" started-at="2015-06-11T09:19:35Z" finished-at="2015-06-11T09:19:36Z">
          <reporter-output>
          </reporter-output>
        </test-method> <!-- tearDown -->
      </class> <!-- elitecareer.framework.tests.SignInPageTest -->
      <class name="elitecareer.framework.tests.JobseekerProfilePageTest">
        <test-method status="PASS" signature="setUp(java.lang.String, java.lang.String)[pri:0, instance:elitecareer.framework.tests.JobseekerProfilePageTest@5c1da5d7]" name="setUp" is-config="true" duration-ms="22131" started-at="2015-06-11T09:15:01Z" finished-at="2015-06-11T09:15:24Z">
          <params>
            <param index="0">
              <value>
                <![CDATA[firefox]]>
              </value>
            </param>
            <param index="1">
              <value>
                <![CDATA[http://elitecareer.net]]>
              </value>
            </param>
          </params>
          <reporter-output>
          </reporter-output>
        </test-method> <!-- setUp -->
        <test-method status="PASS" signature="testJobseekerProfileTitle()[pri:0, instance:elitecareer.framework.tests.JobseekerProfilePageTest@5c1da5d7]" name="testJobseekerProfileTitle" duration-ms="13859" started-at="2015-06-11T09:15:24Z" finished-at="2015-06-11T09:15:37Z">
          <reporter-output>
          </reporter-output>
        </test-method> <!-- testJobseekerProfileTitle -->
        <test-method status="PASS" signature="testProfilePageLink()[pri:0, instance:elitecareer.framework.tests.JobseekerProfilePageTest@5c1da5d7]" name="testProfilePageLink" duration-ms="81" started-at="2015-06-11T09:15:37Z" finished-at="2015-06-11T09:15:38Z">
          <reporter-output>
          </reporter-output>
        </test-method> <!-- testProfilePageLink -->
        <test-method status="PASS" signature="testProfileMenuTitle()[pri:0, instance:elitecareer.framework.tests.JobseekerProfilePageTest@5c1da5d7]" name="testProfileMenuTitle" duration-ms="160" started-at="2015-06-11T09:15:38Z" finished-at="2015-06-11T09:15:38Z">
          <reporter-output>
          </reporter-output>
        </test-method> <!-- testProfileMenuTitle -->
        <test-method status="PASS" signature="tearDown()[pri:0, instance:elitecareer.framework.tests.JobseekerProfilePageTest@5c1da5d7]" name="tearDown" is-config="true" duration-ms="228" started-at="2015-06-11T09:15:38Z" finished-at="2015-06-11T09:15:38Z">
          <reporter-output>
          </reporter-output>
        </test-method> <!-- tearDown -->
        <test-method status="PASS" signature="sendMail()[pri:0, instance:elitecareer.framework.tests.JobseekerProfilePageTest@5c1da5d7]" name="sendMail" is-config="true" duration-ms="3467" started-at="2015-06-11T09:20:39Z" finished-at="2015-06-11T09:20:42Z">
          <reporter-output>
          </reporter-output>
        </test-method> <!-- sendMail -->
      </class> <!-- elitecareer.framework.tests.JobseekerProfilePageTest -->
    </test> <!-- Regression Test -->
  </suite> <!-- EliteCareer Test Suite -->
</testng-results>
