<?xml version="1.0" encoding="UTF-8"?>
<!-- Generated by org.testng.reporters.JUnitReportReporter -->
<testsuite hostname="Shakil-Khans-MacBook-Pro-3.local" name="elitecareer.framework.tests.RegisterPageTest" tests="24" failures="0" timestamp="11 Jun 2015 13:20:42 GMT" time="103.896" errors="1">
  <testcase name="testFirstNameFieldUpperBoundary" time="5.526" classname="elitecareer.framework.tests.RegisterPageTest"/>
  <testcase name="testLastNameFieldAboveUpperBoundary" time="2.974" classname="elitecareer.framework.tests.RegisterPageTest"/>
  <testcase name="testPasswordFieldBellowLowerBoundary" time="3.160" classname="elitecareer.framework.tests.RegisterPageTest"/>
  <testcase name="testLastNameFieldLowerBoundary" time="6.052" classname="elitecareer.framework.tests.RegisterPageTest"/>
  <testcase name="testEmptyFormSublission" time="15.762" classname="elitecareer.framework.tests.RegisterPageTest"/>
  <testcase name="testLastNameFieldUpperBoundary" time="8.933" classname="elitecareer.framework.tests.RegisterPageTest"/>
  <testcase name="testFirstNameFieldAboveUpperBoundary" time="2.986" classname="elitecareer.framework.tests.RegisterPageTest"/>
  <testcase name="testLastNameFieldBellowLowerBoundary" time="3.141" classname="elitecareer.framework.tests.RegisterPageTest"/>
  <testcase name="testPasswordFieldLowerBoundary" time="5.154" classname="elitecareer.framework.tests.RegisterPageTest"/>
  <testcase name="testRegisterPageUrl" time="0.118" classname="elitecareer.framework.tests.RegisterPageTest"/>
  <testcase name="testRegisterPageTitle" time="0.998" classname="elitecareer.framework.tests.RegisterPageTest"/>
  <testcase name="testDateOfBirthFieldWithValidInput" time="2.733" classname="elitecareer.framework.tests.RegisterPageTest"/>
  <testcase name="testRegisterTitle" time="0.228" classname="elitecareer.framework.tests.RegisterPageTest"/>
  <testcase name="testPhoneNoFieldAboveUpperBoundary" time="3.214" classname="elitecareer.framework.tests.RegisterPageTest"/>
  <testcase name="testFirstNameFieldBellowLowerBoundary" time="2.959" classname="elitecareer.framework.tests.RegisterPageTest"/>
  <testcase name="testPasswordAndConfirmPasswordFieldsIfDoNotMatch" time="2.891" classname="elitecareer.framework.tests.RegisterPageTest"/>
  <testcase name="testFirstNameFieldLowerBoundary" time="6.387" classname="elitecareer.framework.tests.RegisterPageTest"/>
  <testcase name="testEmailFieldIfAlreadyRegistered" time="2.884" classname="elitecareer.framework.tests.RegisterPageTest"/>
  <testcase name="testPhoneNoFieldLowerBoundary" time="5.505" classname="elitecareer.framework.tests.RegisterPageTest"/>
  <testcase name="testPasswordFieldUpperBoundary" time="6.115" classname="elitecareer.framework.tests.RegisterPageTest"/>
  <testcase name="testDateOfBirthFieldWithInvalidInput" time="3.883" classname="elitecareer.framework.tests.RegisterPageTest"/>
  <testcase name="testPasswordFieldAboveUpperBoundary" time="3.769" classname="elitecareer.framework.tests.RegisterPageTest"/>
  <testcase name="testPhoneNoFieldBellowLowerBoundary" time="3.097" classname="elitecareer.framework.tests.RegisterPageTest">
    <error type="java.lang.AssertionError" message="expected [* PhoneNo can not be less than 3 character.] but found [null]">
      <![CDATA[java.lang.AssertionError: expected [* PhoneNo can not be less than 3 character.] but found [null]
	at org.testng.Assert.fail(Assert.java:94)
	at org.testng.Assert.failNotEquals(Assert.java:494)
	at org.testng.Assert.assertEquals(Assert.java:123)
	at org.testng.Assert.assertEquals(Assert.java:176)
	at org.testng.Assert.assertEquals(Assert.java:186)
	at elitecareer.framework.tests.RegisterPageTest.testPhoneNoFieldBellowLowerBoundary(RegisterPageTest.java:139)
	at sun.reflect.NativeMethodAccessorImpl.invoke0(Native Method)
	at sun.reflect.NativeMethodAccessorImpl.invoke(NativeMethodAccessorImpl.java:57)
	at sun.reflect.DelegatingMethodAccessorImpl.invoke(DelegatingMethodAccessorImpl.java:43)
	at java.lang.reflect.Method.invoke(Method.java:606)
	at org.testng.internal.MethodInvocationHelper.invokeMethod(MethodInvocationHelper.java:84)
	at org.testng.internal.Invoker.invokeMethod(Invoker.java:714)
	at org.testng.internal.Invoker.invokeTestMethod(Invoker.java:901)
	at org.testng.internal.Invoker.invokeTestMethods(Invoker.java:1231)
	at org.testng.internal.TestMethodWorker.invokeTestMethods(TestMethodWorker.java:127)
	at org.testng.internal.TestMethodWorker.run(TestMethodWorker.java:111)
	at org.testng.TestRunner.privateRun(TestRunner.java:767)
	at org.testng.TestRunner.run(TestRunner.java:617)
	at org.testng.SuiteRunner.runTest(SuiteRunner.java:334)
	at org.testng.SuiteRunner.runSequentially(SuiteRunner.java:329)
	at org.testng.SuiteRunner.privateRun(SuiteRunner.java:291)
	at org.testng.SuiteRunner.run(SuiteRunner.java:240)
	at org.testng.SuiteRunnerWorker.runSuite(SuiteRunnerWorker.java:52)
	at org.testng.SuiteRunnerWorker.run(SuiteRunnerWorker.java:86)
	at org.testng.TestNG.runSuitesSequentially(TestNG.java:1224)
	at org.testng.TestNG.runSuitesLocally(TestNG.java:1149)
	at org.testng.TestNG.run(TestNG.java:1057)
	at org.testng.remote.RemoteTestNG.run(RemoteTestNG.java:111)
	at org.testng.remote.RemoteTestNG.initAndRun(RemoteTestNG.java:204)
	at org.testng.remote.RemoteTestNG.main(RemoteTestNG.java:175)
]]>
    </error>
  </testcase> <!-- testPhoneNoFieldBellowLowerBoundary -->
  <testcase name="testPhoneNoFieldUpperBoundary" time="5.427" classname="elitecareer.framework.tests.RegisterPageTest"/>
</testsuite> <!-- elitecareer.framework.tests.RegisterPageTest -->
